<?xml version="1.0" encoding="UTF-8"?>
<testng-results ignored="0" total="1" passed="1" failed="0" skipped="0">
  <reporter-output>
  </reporter-output>
  <suite started-at="2026-09-24T07:26:00 EET" name="Default suite" finished-at="2026-09-24T07:26:17 EET" duration-ms="16310">
    <groups>
    </groups>
    <test started-at="2026-09-24T07:26:00 EET" name="Default test" finished-at="2026-09-24T07:26:17 EET" duration-ms="16310">
      <class name="BaseTest.baseTest">
        <test-method signature="setupPage()[pri:0, instance:BaseTest.baseTest@3e694b3f]" started-at="2026-09-24T07:26:00 EET" name="setupPage" finished-at="2026-09-24T07:26:17 EET" duration-ms="16203" status="PASS">
          <reporter-output>
          </reporter-output>
        </test-method> <!-- setupPage -->
      </class> <!-- BaseTest.baseTest -->
    </test> <!-- Default test -->
  </suite> <!-- Default suite -->
</testng-results>
